::1 - - [17/Sep/2020:12:45:28 +0000] "POST /api/register HTTP/1.1" 400 165 "-" "Mozilla/5.0 (X11; Linux x86_64) AppleWebKit/537.36 (KHTML, like Gecko) Chrome/84.0.4147.105 Safari/537.36"
::1 - - [17/Sep/2020:13:21:58 +0000] "POST /api/register HTTP/1.1" 400 165 "-" "Mozilla/5.0 (X11; Linux x86_64) AppleWebKit/537.36 (KHTML, like Gecko) Chrome/84.0.4147.105 Safari/537.36"
::1 - - [17/Sep/2020:13:26:42 +0000] "POST /api/register HTTP/1.1" 400 177 "-" "Mozilla/5.0 (X11; Linux x86_64) AppleWebKit/537.36 (KHTML, like Gecko) Chrome/84.0.4147.105 Safari/537.36"
::1 - - [17/Sep/2020:13:28:52 +0000] "POST /api/register HTTP/1.1" 400 165 "-" "Mozilla/5.0 (X11; Linux x86_64) AppleWebKit/537.36 (KHTML, like Gecko) Chrome/84.0.4147.105 Safari/537.36"
::1 - - [17/Sep/2020:13:30:24 +0000] "POST /api/register HTTP/1.1" 500 2295 "-" "Mozilla/5.0 (X11; Linux x86_64) AppleWebKit/537.36 (KHTML, like Gecko) Chrome/84.0.4147.105 Safari/537.36"
::1 - - [17/Sep/2020:13:30:47 +0000] "POST /api/register HTTP/1.1" 500 2296 "-" "Mozilla/5.0 (X11; Linux x86_64) AppleWebKit/537.36 (KHTML, like Gecko) Chrome/84.0.4147.105 Safari/537.36"
::1 - - [17/Sep/2020:13:31:48 +0000] "POST /api/register HTTP/1.1" 400 165 "-" "Mozilla/5.0 (X11; Linux x86_64) AppleWebKit/537.36 (KHTML, like Gecko) Chrome/84.0.4147.105 Safari/537.36"
::1 - - [17/Sep/2020:13:32:22 +0000] "POST /api/register HTTP/1.1" 400 165 "-" "Mozilla/5.0 (X11; Linux x86_64) AppleWebKit/537.36 (KHTML, like Gecko) Chrome/84.0.4147.105 Safari/537.36"
::1 - - [17/Sep/2020:13:32:50 +0000] "POST /api/register HTTP/1.1" 400 165 "-" "Mozilla/5.0 (X11; Linux x86_64) AppleWebKit/537.36 (KHTML, like Gecko) Chrome/84.0.4147.105 Safari/537.36"
::1 - - [17/Sep/2020:13:33:38 +0000] "POST /api/register HTTP/1.1" 400 165 "-" "Mozilla/5.0 (X11; Linux x86_64) AppleWebKit/537.36 (KHTML, like Gecko) Chrome/84.0.4147.105 Safari/537.36"
::1 - - [17/Sep/2020:13:33:44 +0000] "POST /api/register HTTP/1.1" 400 165 "-" "Mozilla/5.0 (X11; Linux x86_64) AppleWebKit/537.36 (KHTML, like Gecko) Chrome/84.0.4147.105 Safari/537.36"
::1 - - [17/Sep/2020:13:34:23 +0000] "POST /api/register HTTP/1.1" 400 165 "-" "Mozilla/5.0 (X11; Linux x86_64) AppleWebKit/537.36 (KHTML, like Gecko) Chrome/84.0.4147.105 Safari/537.36"
::1 - - [17/Sep/2020:13:39:25 +0000] "POST /api/register HTTP/1.1" 400 165 "-" "Mozilla/5.0 (X11; Linux x86_64) AppleWebKit/537.36 (KHTML, like Gecko) Chrome/84.0.4147.105 Safari/537.36"
::1 - - [17/Sep/2020:13:40:27 +0000] "POST /api/register HTTP/1.1" 400 165 "-" "Mozilla/5.0 (X11; Linux x86_64) AppleWebKit/537.36 (KHTML, like Gecko) Chrome/84.0.4147.105 Safari/537.36"
::1 - - [17/Sep/2020:13:41:15 +0000] "POST /api/register HTTP/1.1" 400 165 "-" "Mozilla/5.0 (X11; Linux x86_64) AppleWebKit/537.36 (KHTML, like Gecko) Chrome/84.0.4147.105 Safari/537.36"
::1 - - [17/Sep/2020:13:41:57 +0000] "POST /api/register HTTP/1.1" 400 165 "-" "Mozilla/5.0 (X11; Linux x86_64) AppleWebKit/537.36 (KHTML, like Gecko) Chrome/84.0.4147.105 Safari/537.36"
::1 - - [17/Sep/2020:13:43:13 +0000] "POST /api/register HTTP/1.1" 400 165 "-" "Mozilla/5.0 (X11; Linux x86_64) AppleWebKit/537.36 (KHTML, like Gecko) Chrome/84.0.4147.105 Safari/537.36"
::1 - - [17/Sep/2020:13:45:38 +0000] "POST /api/register HTTP/1.1" 400 165 "-" "Mozilla/5.0 (X11; Linux x86_64) AppleWebKit/537.36 (KHTML, like Gecko) Chrome/84.0.4147.105 Safari/537.36"
::1 - - [17/Sep/2020:13:46:07 +0000] "POST /api/register HTTP/1.1" 400 165 "-" "Mozilla/5.0 (X11; Linux x86_64) AppleWebKit/537.36 (KHTML, like Gecko) Chrome/84.0.4147.105 Safari/537.36"
::1 - - [17/Sep/2020:14:02:50 +0000] "POST /api/register HTTP/1.1" 400 165 "-" "Mozilla/5.0 (X11; Linux x86_64) AppleWebKit/537.36 (KHTML, like Gecko) Chrome/84.0.4147.105 Safari/537.36"
::1 - - [17/Sep/2020:14:07:33 +0000] "POST /api/register HTTP/1.1" 400 165 "-" "Mozilla/5.0 (X11; Linux x86_64) AppleWebKit/537.36 (KHTML, like Gecko) Chrome/84.0.4147.105 Safari/537.36"
::1 - - [17/Sep/2020:14:08:03 +0000] "POST /api/register HTTP/1.1" 400 165 "-" "Mozilla/5.0 (X11; Linux x86_64) AppleWebKit/537.36 (KHTML, like Gecko) Chrome/84.0.4147.105 Safari/537.36"
::1 - - [17/Sep/2020:14:09:47 +0000] "POST /api/register HTTP/1.1" 400 165 "-" "Mozilla/5.0 (X11; Linux x86_64) AppleWebKit/537.36 (KHTML, like Gecko) Chrome/84.0.4147.105 Safari/537.36"
::1 - - [17/Sep/2020:14:10:03 +0000] "POST /api/register HTTP/1.1" 400 165 "-" "Mozilla/5.0 (X11; Linux x86_64) AppleWebKit/537.36 (KHTML, like Gecko) Chrome/84.0.4147.105 Safari/537.36"
::1 - - [17/Sep/2020:14:15:38 +0000] "POST /api/register HTTP/1.1" 400 165 "-" "Mozilla/5.0 (X11; Linux x86_64) AppleWebKit/537.36 (KHTML, like Gecko) Chrome/84.0.4147.105 Safari/537.36"
::1 - - [17/Sep/2020:14:16:45 +0000] "POST /api/register HTTP/1.1" 400 165 "-" "Mozilla/5.0 (X11; Linux x86_64) AppleWebKit/537.36 (KHTML, like Gecko) Chrome/84.0.4147.105 Safari/537.36"
::1 - - [17/Sep/2020:14:17:18 +0000] "POST /api/register HTTP/1.1" 400 165 "-" "Mozilla/5.0 (X11; Linux x86_64) AppleWebKit/537.36 (KHTML, like Gecko) Chrome/84.0.4147.105 Safari/537.36"
::1 - - [17/Sep/2020:14:18:50 +0000] "POST /api/register HTTP/1.1" 400 165 "-" "Mozilla/5.0 (X11; Linux x86_64) AppleWebKit/537.36 (KHTML, like Gecko) Chrome/84.0.4147.105 Safari/537.36"
::1 - - [17/Sep/2020:14:19:42 +0000] "POST /api/register HTTP/1.1" 400 165 "-" "Mozilla/5.0 (X11; Linux x86_64) AppleWebKit/537.36 (KHTML, like Gecko) Chrome/84.0.4147.105 Safari/537.36"
::1 - - [17/Sep/2020:14:44:29 +0000] "POST /api/register HTTP/1.1" 400 165 "-" "Mozilla/5.0 (X11; Linux x86_64) AppleWebKit/537.36 (KHTML, like Gecko) Chrome/84.0.4147.105 Safari/537.36"
::1 - - [17/Sep/2020:14:51:11 +0000] "POST /api/register HTTP/1.1" 400 165 "-" "Mozilla/5.0 (X11; Linux x86_64) AppleWebKit/537.36 (KHTML, like Gecko) Chrome/84.0.4147.105 Safari/537.36"
::1 - - [17/Sep/2020:14:52:24 +0000] "POST /api/register HTTP/1.1" 400 165 "-" "Mozilla/5.0 (X11; Linux x86_64) AppleWebKit/537.36 (KHTML, like Gecko) Chrome/84.0.4147.105 Safari/537.36"
::1 - - [17/Sep/2020:14:53:03 +0000] "POST /api/register HTTP/1.1" 400 165 "-" "Mozilla/5.0 (X11; Linux x86_64) AppleWebKit/537.36 (KHTML, like Gecko) Chrome/84.0.4147.105 Safari/537.36"
::1 - - [17/Sep/2020:14:54:31 +0000] "POST /api/register HTTP/1.1" 400 165 "-" "Mozilla/5.0 (X11; Linux x86_64) AppleWebKit/537.36 (KHTML, like Gecko) Chrome/84.0.4147.105 Safari/537.36"
::1 - - [17/Sep/2020:16:35:52 +0000] "POST /api/register HTTP/1.1" 400 165 "-" "Mozilla/5.0 (X11; Linux x86_64) AppleWebKit/537.36 (KHTML, like Gecko) Chrome/84.0.4147.105 Safari/537.36"
::1 - - [17/Sep/2020:16:36:03 +0000] "POST /api/register HTTP/1.1" 400 165 "-" "Mozilla/5.0 (X11; Linux x86_64) AppleWebKit/537.36 (KHTML, like Gecko) Chrome/84.0.4147.105 Safari/537.36"
::1 - - [17/Sep/2020:16:36:36 +0000] "POST /api/register HTTP/1.1" 400 165 "-" "Mozilla/5.0 (X11; Linux x86_64) AppleWebKit/537.36 (KHTML, like Gecko) Chrome/84.0.4147.105 Safari/537.36"
::1 - - [17/Sep/2020:16:36:41 +0000] "POST /api/authenticate HTTP/1.1" 200 1146 "-" "Mozilla/5.0 (X11; Linux x86_64) AppleWebKit/537.36 (KHTML, like Gecko) Chrome/84.0.4147.105 Safari/537.36"
::1 - - [17/Sep/2020:16:36:51 +0000] "GET /api/roles HTTP/1.1" 200 600 "-" "Mozilla/5.0 (X11; Linux x86_64) AppleWebKit/537.36 (KHTML, like Gecko) Chrome/84.0.4147.105 Safari/537.36"
::1 - - [17/Sep/2020:16:37:03 +0000] "GET /api/roles HTTP/1.1" 200 600 "-" "Mozilla/5.0 (X11; Linux x86_64) AppleWebKit/537.36 (KHTML, like Gecko) Chrome/84.0.4147.105 Safari/537.36"
::1 - - [17/Sep/2020:16:37:07 +0000] "POST /api/pages HTTP/1.1" 400 112 "-" "Mozilla/5.0 (X11; Linux x86_64) AppleWebKit/537.36 (KHTML, like Gecko) Chrome/84.0.4147.105 Safari/537.36"
::1 - - [17/Sep/2020:16:37:45 +0000] "POST /api/pages HTTP/1.1" 400 112 "-" "Mozilla/5.0 (X11; Linux x86_64) AppleWebKit/537.36 (KHTML, like Gecko) Chrome/84.0.4147.105 Safari/537.36"
::1 - - [17/Sep/2020:16:37:55 +0000] "POST /api/pages HTTP/1.1" 400 112 "-" "Mozilla/5.0 (X11; Linux x86_64) AppleWebKit/537.36 (KHTML, like Gecko) Chrome/84.0.4147.105 Safari/537.36"
::1 - - [17/Sep/2020:16:38:00 +0000] "POST /api/pages HTTP/1.1" 400 112 "-" "Mozilla/5.0 (X11; Linux x86_64) AppleWebKit/537.36 (KHTML, like Gecko) Chrome/84.0.4147.105 Safari/537.36"
::1 - - [17/Sep/2020:16:48:36 +0000] "POST /api/authenticate HTTP/1.1" 200 1146 "-" "Mozilla/5.0 (X11; Linux x86_64) AppleWebKit/537.36 (KHTML, like Gecko) Chrome/84.0.4147.105 Safari/537.36"
::1 - - [17/Sep/2020:16:49:05 +0000] "POST /api/authenticate HTTP/1.1" 200 1146 "-" "Mozilla/5.0 (X11; Linux x86_64) AppleWebKit/537.36 (KHTML, like Gecko) Chrome/84.0.4147.105 Safari/537.36"
::1 - - [17/Sep/2020:16:49:51 +0000] "POST /api/authenticate HTTP/1.1" 200 1146 "-" "Mozilla/5.0 (X11; Linux x86_64) AppleWebKit/537.36 (KHTML, like Gecko) Chrome/84.0.4147.105 Safari/537.36"
::1 - - [17/Sep/2020:16:49:56 +0000] "POST /api/register HTTP/1.1" 400 165 "-" "Mozilla/5.0 (X11; Linux x86_64) AppleWebKit/537.36 (KHTML, like Gecko) Chrome/84.0.4147.105 Safari/537.36"
::1 - - [17/Sep/2020:16:50:31 +0000] "POST /api/register HTTP/1.1" 400 165 "-" "Mozilla/5.0 (X11; Linux x86_64) AppleWebKit/537.36 (KHTML, like Gecko) Chrome/84.0.4147.105 Safari/537.36"
::1 - - [17/Sep/2020:16:50:35 +0000] "GET /api/roles HTTP/1.1" 200 600 "-" "Mozilla/5.0 (X11; Linux x86_64) AppleWebKit/537.36 (KHTML, like Gecko) Chrome/84.0.4147.105 Safari/537.36"
::1 - - [17/Sep/2020:16:51:15 +0000] "GET /api/roles HTTP/1.1" 200 600 "-" "Mozilla/5.0 (X11; Linux x86_64) AppleWebKit/537.36 (KHTML, like Gecko) Chrome/84.0.4147.105 Safari/537.36"
::1 - - [17/Sep/2020:16:51:35 +0000] "GET /api/roles HTTP/1.1" 200 600 "-" "Mozilla/5.0 (X11; Linux x86_64) AppleWebKit/537.36 (KHTML, like Gecko) Chrome/84.0.4147.105 Safari/537.36"
::1 - - [17/Sep/2020:16:52:27 +0000] "GET /api/roles HTTP/1.1" 200 600 "-" "Mozilla/5.0 (X11; Linux x86_64) AppleWebKit/537.36 (KHTML, like Gecko) Chrome/84.0.4147.105 Safari/537.36"
::1 - - [17/Sep/2020:16:52:54 +0000] "GET /api/roles HTTP/1.1" 200 600 "-" "Mozilla/5.0 (X11; Linux x86_64) AppleWebKit/537.36 (KHTML, like Gecko) Chrome/84.0.4147.105 Safari/537.36"
::1 - - [17/Sep/2020:16:53:14 +0000] "POST /api/authenticate HTTP/1.1" 200 1146 "-" "Mozilla/5.0 (X11; Linux x86_64) AppleWebKit/537.36 (KHTML, like Gecko) Chrome/84.0.4147.105 Safari/537.36"
::1 - - [17/Sep/2020:16:54:03 +0000] "POST /api/authenticate HTTP/1.1" 200 1146 "-" "Mozilla/5.0 (X11; Linux x86_64) AppleWebKit/537.36 (KHTML, like Gecko) Chrome/84.0.4147.105 Safari/537.36"
::1 - - [17/Sep/2020:16:54:53 +0000] "POST /api/authenticate HTTP/1.1" 200 1146 "-" "Mozilla/5.0 (X11; Linux x86_64) AppleWebKit/537.36 (KHTML, like Gecko) Chrome/84.0.4147.105 Safari/537.36"
::1 - - [17/Sep/2020:16:55:36 +0000] "POST /api/authenticate HTTP/1.1" 200 1146 "-" "Mozilla/5.0 (X11; Linux x86_64) AppleWebKit/537.36 (KHTML, like Gecko) Chrome/84.0.4147.105 Safari/537.36"
::1 - - [17/Sep/2020:16:59:17 +0000] "POST /api/authenticate HTTP/1.1" 200 1146 "-" "Mozilla/5.0 (X11; Linux x86_64) AppleWebKit/537.36 (KHTML, like Gecko) Chrome/84.0.4147.105 Safari/537.36"
::1 - - [17/Sep/2020:17:00:18 +0000] "POST /api/authenticate HTTP/1.1" 200 1146 "-" "Mozilla/5.0 (X11; Linux x86_64) AppleWebKit/537.36 (KHTML, like Gecko) Chrome/84.0.4147.105 Safari/537.36"
::1 - - [17/Sep/2020:17:02:54 +0000] "POST /api/authenticate HTTP/1.1" 200 1146 "-" "Mozilla/5.0 (X11; Linux x86_64) AppleWebKit/537.36 (KHTML, like Gecko) Chrome/84.0.4147.105 Safari/537.36"
::1 - - [17/Sep/2020:17:03:39 +0000] "POST /api/authenticate HTTP/1.1" 200 1146 "-" "Mozilla/5.0 (X11; Linux x86_64) AppleWebKit/537.36 (KHTML, like Gecko) Chrome/84.0.4147.105 Safari/537.36"
::1 - - [17/Sep/2020:17:04:02 +0000] "POST /api/authenticate HTTP/1.1" 200 1146 "-" "Mozilla/5.0 (X11; Linux x86_64) AppleWebKit/537.36 (KHTML, like Gecko) Chrome/84.0.4147.105 Safari/537.36"
::1 - - [17/Sep/2020:17:05:10 +0000] "POST /api/authenticate HTTP/1.1" 200 1146 "-" "Mozilla/5.0 (X11; Linux x86_64) AppleWebKit/537.36 (KHTML, like Gecko) Chrome/84.0.4147.105 Safari/537.36"
::1 - - [17/Sep/2020:17:10:04 +0000] "POST /api/authenticate HTTP/1.1" 200 1146 "-" "Mozilla/5.0 (X11; Linux x86_64) AppleWebKit/537.36 (KHTML, like Gecko) Chrome/84.0.4147.105 Safari/537.36"
::1 - - [17/Sep/2020:17:10:14 +0000] "POST /api/register HTTP/1.1" 400 165 "-" "Mozilla/5.0 (X11; Linux x86_64) AppleWebKit/537.36 (KHTML, like Gecko) Chrome/84.0.4147.105 Safari/537.36"
::1 - - [17/Sep/2020:17:22:36 +0000] "POST /api/register HTTP/1.1" 400 165 "-" "Mozilla/5.0 (X11; Linux x86_64) AppleWebKit/537.36 (KHTML, like Gecko) Chrome/84.0.4147.105 Safari/537.36"
::1 - - [17/Sep/2020:17:22:58 +0000] "POST /api/register HTTP/1.1" 400 165 "-" "Mozilla/5.0 (X11; Linux x86_64) AppleWebKit/537.36 (KHTML, like Gecko) Chrome/84.0.4147.105 Safari/537.36"
::1 - - [17/Sep/2020:17:23:26 +0000] "POST /api/pages HTTP/1.1" 400 112 "-" "Mozilla/5.0 (X11; Linux x86_64) AppleWebKit/537.36 (KHTML, like Gecko) Chrome/84.0.4147.105 Safari/537.36"
::1 - - [17/Sep/2020:17:29:32 +0000] "GET /api/roles HTTP/1.1" 200 600 "-" "Mozilla/5.0 (X11; Linux x86_64) AppleWebKit/537.36 (KHTML, like Gecko) Chrome/84.0.4147.105 Safari/537.36"
::1 - - [17/Sep/2020:17:29:49 +0000] "GET /api/roles HTTP/1.1" 200 600 "-" "Mozilla/5.0 (X11; Linux x86_64) AppleWebKit/537.36 (KHTML, like Gecko) Chrome/84.0.4147.105 Safari/537.36"
::1 - - [17/Sep/2020:17:30:24 +0000] "GET /api/roles HTTP/1.1" 200 600 "-" "Mozilla/5.0 (X11; Linux x86_64) AppleWebKit/537.36 (KHTML, like Gecko) Chrome/84.0.4147.105 Safari/537.36"
::1 - - [17/Sep/2020:17:30:33 +0000] "GET /api/roles HTTP/1.1" 304 - "-" "Mozilla/5.0 (X11; Linux x86_64) AppleWebKit/537.36 (KHTML, like Gecko) Chrome/84.0.4147.105 Safari/537.36"
::1 - - [17/Sep/2020:17:30:33 +0000] "GET /favicon.ico HTTP/1.1" 401 43 "http://localhost:4444/api/roles" "Mozilla/5.0 (X11; Linux x86_64) AppleWebKit/537.36 (KHTML, like Gecko) Chrome/84.0.4147.105 Safari/537.36"
::ffff:192.168.225.88 - - [17/Sep/2020:17:32:30 +0000] "GET /api/roles HTTP/1.1" 200 600 "-" "Mozilla/5.0 (Linux; Android 7.0; Redmi Note 4) AppleWebKit/537.36 (KHTML, like Gecko) Chrome/73.0.3683.90 Mobile Safari/537.36"
::ffff:192.168.225.88 - - [17/Sep/2020:17:32:30 +0000] "GET /favicon.ico HTTP/1.1" 401 43 "http://192.168.225.112:4444/api/roles" "Mozilla/5.0 (Linux; Android 7.0; Redmi Note 4) AppleWebKit/537.36 (KHTML, like Gecko) Chrome/73.0.3683.90 Mobile Safari/537.36"
::ffff:192.168.225.88 - - [17/Sep/2020:17:34:04 +0000] "GET /api/roles HTTP/1.1" 200 600 "-" "Mozilla/5.0 (Linux; Android 7.0; Redmi Note 4) AppleWebKit/537.36 (KHTML, like Gecko) Chrome/73.0.3683.90 Mobile Safari/537.36"
::ffff:192.168.225.88 - - [17/Sep/2020:17:34:04 +0000] "GET /favicon.ico HTTP/1.1" 401 43 "http://192.168.225.112:4444/api/roles" "Mozilla/5.0 (Linux; Android 7.0; Redmi Note 4) AppleWebKit/537.36 (KHTML, like Gecko) Chrome/73.0.3683.90 Mobile Safari/537.36"
::1 - - [17/Sep/2020:17:34:18 +0000] "GET /api/roles HTTP/1.1" 304 - "-" "Mozilla/5.0 (X11; Linux x86_64) AppleWebKit/537.36 (KHTML, like Gecko) Chrome/84.0.4147.105 Safari/537.36"
::1 - - [17/Sep/2020:17:34:18 +0000] "GET /favicon.ico HTTP/1.1" 401 43 "http://localhost:4444/api/roles" "Mozilla/5.0 (X11; Linux x86_64) AppleWebKit/537.36 (KHTML, like Gecko) Chrome/84.0.4147.105 Safari/537.36"
::1 - - [17/Sep/2020:17:37:38 +0000] "GET /api/roles HTTP/1.1" 200 600 "-" "Mozilla/5.0 (X11; Linux x86_64) AppleWebKit/537.36 (KHTML, like Gecko) Chrome/84.0.4147.105 Safari/537.36"
::1 - - [17/Sep/2020:17:37:49 +0000] "POST /api/pages HTTP/1.1" 400 112 "-" "Mozilla/5.0 (X11; Linux x86_64) AppleWebKit/537.36 (KHTML, like Gecko) Chrome/84.0.4147.105 Safari/537.36"
::1 - - [17/Sep/2020:17:38:00 +0000] "POST /api/pages HTTP/1.1" 400 112 "-" "Mozilla/5.0 (X11; Linux x86_64) AppleWebKit/537.36 (KHTML, like Gecko) Chrome/84.0.4147.105 Safari/537.36"
::1 - - [17/Sep/2020:17:38:53 +0000] "POST /api/pages HTTP/1.1" 400 112 "-" "Mozilla/5.0 (X11; Linux x86_64) AppleWebKit/537.36 (KHTML, like Gecko) Chrome/84.0.4147.105 Safari/537.36"
::1 - - [17/Sep/2020:17:39:32 +0000] "POST /api/pages HTTP/1.1" 400 112 "-" "Mozilla/5.0 (X11; Linux x86_64) AppleWebKit/537.36 (KHTML, like Gecko) Chrome/84.0.4147.105 Safari/537.36"
::1 - - [17/Sep/2020:17:40:20 +0000] "POST /api/pages HTTP/1.1" 400 112 "-" "Mozilla/5.0 (X11; Linux x86_64) AppleWebKit/537.36 (KHTML, like Gecko) Chrome/84.0.4147.105 Safari/537.36"
::1 - - [17/Sep/2020:17:44:49 +0000] "POST /api/pages HTTP/1.1" 400 112 "-" "Mozilla/5.0 (X11; Linux x86_64) AppleWebKit/537.36 (KHTML, like Gecko) Chrome/84.0.4147.105 Safari/537.36"
::1 - - [17/Sep/2020:17:59:46 +0000] "POST /api/pages HTTP/1.1" 400 112 "-" "Mozilla/5.0 (X11; Linux x86_64) AppleWebKit/537.36 (KHTML, like Gecko) Chrome/84.0.4147.105 Safari/537.36"
::1 - - [17/Sep/2020:18:21:47 +0000] "GET /api/roles HTTP/1.1" 200 600 "-" "Mozilla/5.0 (X11; Linux x86_64) AppleWebKit/537.36 (KHTML, like Gecko) Chrome/84.0.4147.105 Safari/537.36"
::1 - - [17/Sep/2020:18:23:02 +0000] "GET /api/roles HTTP/1.1" 200 600 "-" "Mozilla/5.0 (X11; Linux x86_64) AppleWebKit/537.36 (KHTML, like Gecko) Chrome/84.0.4147.105 Safari/537.36"
::1 - - [17/Sep/2020:18:26:11 +0000] "GET /api/roles HTTP/1.1" 200 600 "-" "Mozilla/5.0 (X11; Linux x86_64) AppleWebKit/537.36 (KHTML, like Gecko) Chrome/84.0.4147.105 Safari/537.36"
::1 - - [17/Sep/2020:18:27:36 +0000] "POST /api/authenticate HTTP/1.1" 200 1146 "-" "Mozilla/5.0 (X11; Linux x86_64) AppleWebKit/537.36 (KHTML, like Gecko) Chrome/84.0.4147.105 Safari/537.36"
::1 - - [17/Sep/2020:18:27:39 +0000] "GET /api/roles HTTP/1.1" 200 600 "-" "Mozilla/5.0 (X11; Linux x86_64) AppleWebKit/537.36 (KHTML, like Gecko) Chrome/84.0.4147.105 Safari/537.36"
::1 - - [17/Sep/2020:18:29:11 +0000] "GET /api/roles HTTP/1.1" 200 600 "-" "Mozilla/5.0 (X11; Linux x86_64) AppleWebKit/537.36 (KHTML, like Gecko) Chrome/84.0.4147.105 Safari/537.36"
::1 - - [17/Sep/2020:18:36:47 +0000] "GET /api/roles HTTP/1.1" 200 600 "-" "Mozilla/5.0 (X11; Linux x86_64) AppleWebKit/537.36 (KHTML, like Gecko) Chrome/84.0.4147.105 Safari/537.36"
::1 - - [17/Sep/2020:18:36:51 +0000] "POST /api/authenticate HTTP/1.1" 200 1146 "-" "Mozilla/5.0 (X11; Linux x86_64) AppleWebKit/537.36 (KHTML, like Gecko) Chrome/84.0.4147.105 Safari/537.36"
::1 - - [17/Sep/2020:18:43:04 +0000] "POST /api/authenticate HTTP/1.1" 200 1146 "-" "Mozilla/5.0 (X11; Linux x86_64) AppleWebKit/537.36 (KHTML, like Gecko) Chrome/84.0.4147.105 Safari/537.36"
::1 - - [17/Sep/2020:18:44:06 +0000] "POST /api/authenticate HTTP/1.1" 200 1146 "-" "Mozilla/5.0 (X11; Linux x86_64) AppleWebKit/537.36 (KHTML, like Gecko) Chrome/84.0.4147.105 Safari/537.36"
::1 - - [17/Sep/2020:18:44:08 +0000] "GET /api/roles HTTP/1.1" 200 600 "-" "Mozilla/5.0 (X11; Linux x86_64) AppleWebKit/537.36 (KHTML, like Gecko) Chrome/84.0.4147.105 Safari/537.36"
::1 - - [17/Sep/2020:18:44:11 +0000] "POST /api/authenticate HTTP/1.1" 200 1146 "-" "Mozilla/5.0 (X11; Linux x86_64) AppleWebKit/537.36 (KHTML, like Gecko) Chrome/84.0.4147.105 Safari/537.36"
::1 - - [17/Sep/2020:18:47:38 +0000] "POST /api/authenticate HTTP/1.1" 200 1146 "-" "Mozilla/5.0 (X11; Linux x86_64) AppleWebKit/537.36 (KHTML, like Gecko) Chrome/84.0.4147.105 Safari/537.36"
::1 - - [17/Sep/2020:18:51:37 +0000] "POST /api/authenticate HTTP/1.1" 200 1146 "-" "Mozilla/5.0 (X11; Linux x86_64) AppleWebKit/537.36 (KHTML, like Gecko) Chrome/84.0.4147.105 Safari/537.36"
::1 - - [17/Sep/2020:18:51:58 +0000] "POST /api/authenticate HTTP/1.1" 200 1146 "-" "Mozilla/5.0 (X11; Linux x86_64) AppleWebKit/537.36 (KHTML, like Gecko) Chrome/84.0.4147.105 Safari/537.36"
::1 - - [17/Sep/2020:18:52:33 +0000] "POST /api/authenticate HTTP/1.1" 200 1146 "-" "Mozilla/5.0 (X11; Linux x86_64) AppleWebKit/537.36 (KHTML, like Gecko) Chrome/84.0.4147.105 Safari/537.36"
::1 - - [17/Sep/2020:18:53:18 +0000] "POST /api/authenticate HTTP/1.1" 200 1146 "-" "Mozilla/5.0 (X11; Linux x86_64) AppleWebKit/537.36 (KHTML, like Gecko) Chrome/84.0.4147.105 Safari/537.36"
::1 - - [17/Sep/2020:18:54:54 +0000] "POST /api/authenticate HTTP/1.1" 200 1146 "-" "Mozilla/5.0 (X11; Linux x86_64) AppleWebKit/537.36 (KHTML, like Gecko) Chrome/84.0.4147.105 Safari/537.36"
::1 - - [17/Sep/2020:19:02:41 +0000] "POST /api/authenticate HTTP/1.1" 200 1146 "-" "Mozilla/5.0 (X11; Linux x86_64) AppleWebKit/537.36 (KHTML, like Gecko) Chrome/84.0.4147.105 Safari/537.36"
::1 - - [17/Sep/2020:19:02:51 +0000] "POST /api/authenticate HTTP/1.1" 200 1146 "-" "Mozilla/5.0 (X11; Linux x86_64) AppleWebKit/537.36 (KHTML, like Gecko) Chrome/84.0.4147.105 Safari/537.36"
::1 - - [17/Sep/2020:19:03:01 +0000] "POST /api/authenticate HTTP/1.1" 200 1146 "-" "Mozilla/5.0 (X11; Linux x86_64) AppleWebKit/537.36 (KHTML, like Gecko) Chrome/84.0.4147.105 Safari/537.36"
::1 - - [17/Sep/2020:19:03:32 +0000] "POST /api/authenticate HTTP/1.1" 200 1146 "-" "Mozilla/5.0 (X11; Linux x86_64) AppleWebKit/537.36 (KHTML, like Gecko) Chrome/84.0.4147.105 Safari/537.36"
::1 - - [17/Sep/2020:19:03:34 +0000] "GET /api/roles HTTP/1.1" 200 600 "-" "Mozilla/5.0 (X11; Linux x86_64) AppleWebKit/537.36 (KHTML, like Gecko) Chrome/84.0.4147.105 Safari/537.36"
::1 - - [17/Sep/2020:19:03:42 +0000] "GET /api/roles HTTP/1.1" 200 600 "-" "Mozilla/5.0 (X11; Linux x86_64) AppleWebKit/537.36 (KHTML, like Gecko) Chrome/84.0.4147.105 Safari/537.36"
::1 - - [17/Sep/2020:19:03:43 +0000] "GET /api/roles HTTP/1.1" 200 600 "-" "Mozilla/5.0 (X11; Linux x86_64) AppleWebKit/537.36 (KHTML, like Gecko) Chrome/84.0.4147.105 Safari/537.36"
::1 - - [17/Sep/2020:19:03:43 +0000] "GET /api/roles HTTP/1.1" 200 600 "-" "Mozilla/5.0 (X11; Linux x86_64) AppleWebKit/537.36 (KHTML, like Gecko) Chrome/84.0.4147.105 Safari/537.36"
::1 - - [17/Sep/2020:19:03:43 +0000] "GET /api/roles HTTP/1.1" 200 600 "-" "Mozilla/5.0 (X11; Linux x86_64) AppleWebKit/537.36 (KHTML, like Gecko) Chrome/84.0.4147.105 Safari/537.36"
::1 - - [17/Sep/2020:19:03:43 +0000] "GET /api/roles HTTP/1.1" 200 600 "-" "Mozilla/5.0 (X11; Linux x86_64) AppleWebKit/537.36 (KHTML, like Gecko) Chrome/84.0.4147.105 Safari/537.36"
::1 - - [17/Sep/2020:19:03:43 +0000] "GET /api/roles HTTP/1.1" 200 600 "-" "Mozilla/5.0 (X11; Linux x86_64) AppleWebKit/537.36 (KHTML, like Gecko) Chrome/84.0.4147.105 Safari/537.36"
::1 - - [17/Sep/2020:19:04:23 +0000] "GET /api/roles HTTP/1.1" 200 600 "-" "Mozilla/5.0 (X11; Linux x86_64) AppleWebKit/537.36 (KHTML, like Gecko) Chrome/84.0.4147.105 Safari/537.36"
::1 - - [17/Sep/2020:19:04:23 +0000] "GET /api/roles HTTP/1.1" 200 600 "-" "Mozilla/5.0 (X11; Linux x86_64) AppleWebKit/537.36 (KHTML, like Gecko) Chrome/84.0.4147.105 Safari/537.36"
::1 - - [17/Sep/2020:19:04:36 +0000] "POST /api/authenticate HTTP/1.1" 200 1146 "-" "Mozilla/5.0 (X11; Linux x86_64) AppleWebKit/537.36 (KHTML, like Gecko) Chrome/84.0.4147.105 Safari/537.36"
::1 - - [18/Sep/2020:05:16:54 +0000] "POST /api/register HTTP/1.1" 400 165 "-" "Mozilla/5.0 (X11; Linux x86_64) AppleWebKit/537.36 (KHTML, like Gecko) Chrome/84.0.4147.105 Safari/537.36"
::1 - - [18/Sep/2020:05:17:45 +0000] "POST /api/register HTTP/1.1" 400 165 "-" "Mozilla/5.0 (X11; Linux x86_64) AppleWebKit/537.36 (KHTML, like Gecko) Chrome/84.0.4147.105 Safari/537.36"
::1 - - [18/Sep/2020:05:19:45 +0000] "POST /api/register HTTP/1.1" 400 165 "-" "Mozilla/5.0 (X11; Linux x86_64) AppleWebKit/537.36 (KHTML, like Gecko) Chrome/84.0.4147.105 Safari/537.36"
::1 - - [18/Sep/2020:05:31:41 +0000] "POST /api/register HTTP/1.1" 400 165 "-" "Mozilla/5.0 (X11; Linux x86_64) AppleWebKit/537.36 (KHTML, like Gecko) Chrome/84.0.4147.105 Safari/537.36"
::1 - - [18/Sep/2020:05:32:56 +0000] "POST /api/register HTTP/1.1" 400 165 "-" "Mozilla/5.0 (X11; Linux x86_64) AppleWebKit/537.36 (KHTML, like Gecko) Chrome/84.0.4147.105 Safari/537.36"
::1 - - [18/Sep/2020:05:34:09 +0000] "POST /api/register HTTP/1.1" 400 165 "-" "Mozilla/5.0 (X11; Linux x86_64) AppleWebKit/537.36 (KHTML, like Gecko) Chrome/84.0.4147.105 Safari/537.36"
::1 - - [18/Sep/2020:05:34:23 +0000] "POST /api/register HTTP/1.1" 400 165 "-" "Mozilla/5.0 (X11; Linux x86_64) AppleWebKit/537.36 (KHTML, like Gecko) Chrome/84.0.4147.105 Safari/537.36"
::1 - - [18/Sep/2020:05:34:49 +0000] "POST /api/register HTTP/1.1" 400 165 "-" "Mozilla/5.0 (X11; Linux x86_64) AppleWebKit/537.36 (KHTML, like Gecko) Chrome/84.0.4147.105 Safari/537.36"
::1 - - [18/Sep/2020:05:37:40 +0000] "POST /api/register HTTP/1.1" 400 165 "-" "Mozilla/5.0 (X11; Linux x86_64) AppleWebKit/537.36 (KHTML, like Gecko) Chrome/84.0.4147.105 Safari/537.36"
::1 - - [18/Sep/2020:05:44:10 +0000] "POST /api/register HTTP/1.1" 400 165 "-" "Mozilla/5.0 (X11; Linux x86_64) AppleWebKit/537.36 (KHTML, like Gecko) Chrome/84.0.4147.105 Safari/537.36"
::1 - - [18/Sep/2020:05:44:15 +0000] "POST /api/authenticate HTTP/1.1" 200 1146 "-" "Mozilla/5.0 (X11; Linux x86_64) AppleWebKit/537.36 (KHTML, like Gecko) Chrome/84.0.4147.105 Safari/537.36"
::1 - - [18/Sep/2020:05:50:45 +0000] "POST /api/authenticate HTTP/1.1" 200 1146 "-" "Mozilla/5.0 (X11; Linux x86_64) AppleWebKit/537.36 (KHTML, like Gecko) Chrome/84.0.4147.105 Safari/537.36"
::1 - - [18/Sep/2020:05:52:17 +0000] "POST /api/authenticate HTTP/1.1" 200 1146 "-" "Mozilla/5.0 (X11; Linux x86_64) AppleWebKit/537.36 (KHTML, like Gecko) Chrome/84.0.4147.105 Safari/537.36"
::1 - - [18/Sep/2020:05:52:38 +0000] "POST /api/authenticate HTTP/1.1" 200 1146 "-" "Mozilla/5.0 (X11; Linux x86_64) AppleWebKit/537.36 (KHTML, like Gecko) Chrome/84.0.4147.105 Safari/537.36"
