{"level":"error", "timestamp":"2020-09-17 22:44:48", "message":"uncaughtException: Logger is not defined
ReferenceError: Logger is not defined
    at Object.<anonymous> (/home/techbulls/Documents/Balaso Project/nodeAPINew/app.js:11:23)
    at Module._compile (internal/modules/cjs/loader.js:776:30)
    at Object.Module._extensions..js (internal/modules/cjs/loader.js:787:10)
    at Module.load (internal/modules/cjs/loader.js:653:32)
    at tryModuleLoad (internal/modules/cjs/loader.js:593:12)
    at Function.Module._load (internal/modules/cjs/loader.js:585:3)
    at Function.Module.runMain (internal/modules/cjs/loader.js:829:12)
    at startup (internal/bootstrap/node.js:283:19)
    at bootstrapNodeJSCore (internal/bootstrap/node.js:622:3)"}{"error":{},"stack":"ReferenceError: Logger is not defined\n    at Object.<anonymous> (/home/techbulls/Documents/Balaso Project/nodeAPINew/app.js:11:23)\n    at Module._compile (internal/modules/cjs/loader.js:776:30)\n    at Object.Module._extensions..js (internal/modules/cjs/loader.js:787:10)\n    at Module.load (internal/modules/cjs/loader.js:653:32)\n    at tryModuleLoad (internal/modules/cjs/loader.js:593:12)\n    at Function.Module._load (internal/modules/cjs/loader.js:585:3)\n    at Function.Module.runMain (internal/modules/cjs/loader.js:829:12)\n    at startup (internal/bootstrap/node.js:283:19)\n    at bootstrapNodeJSCore (internal/bootstrap/node.js:622:3)","exception":true,"date":"Thu Sep 17 2020 22:44:48 GMT+0530 (India Standard Time)","process":{"pid":11936,"uid":1000,"gid":1000,"cwd":"/home/techbulls/Documents/Balaso Project/nodeAPINew","execPath":"/usr/local/bin/node","version":"v10.16.0","argv":["/usr/local/bin/node","/home/techbulls/Documents/Balaso Project/nodeAPINew/app"],"memoryUsage":{"rss":44752896,"heapTotal":20692992,"heapUsed":12253136,"external":435170}},"os":{"loadavg":[1.55029296875,1.4384765625,1.51513671875],"uptime":3105},"trace":[{"column":23,"file":"/home/techbulls/Documents/Balaso Project/nodeAPINew/app.js","function":null,"line":11,"method":null,"native":false},{"column":30,"file":"internal/modules/cjs/loader.js","function":"Module._compile","line":776,"method":"_compile","native":false},{"column":10,"file":"internal/modules/cjs/loader.js","function":"Module._extensions..js","line":787,"method":".js","native":false},{"column":32,"file":"internal/modules/cjs/loader.js","function":"Module.load","line":653,"method":"load","native":false},{"column":12,"file":"internal/modules/cjs/loader.js","function":"tryModuleLoad","line":593,"method":null,"native":false},{"column":3,"file":"internal/modules/cjs/loader.js","function":"Module._load","line":585,"method":"_load","native":false},{"column":12,"file":"internal/modules/cjs/loader.js","function":"Module.runMain","line":829,"method":"runMain","native":false},{"column":19,"file":"internal/bootstrap/node.js","function":"startup","line":283,"method":null,"native":false},{"column":3,"file":"internal/bootstrap/node.js","function":"bootstrapNodeJSCore","line":622,"method":null,"native":false}]}
{"level":"error", "timestamp":"2020-09-17 22:44:50", "message":"uncaughtException: Logger is not defined
ReferenceError: Logger is not defined
    at Object.<anonymous> (/home/techbulls/Documents/Balaso Project/nodeAPINew/app.js:11:23)
    at Module._compile (internal/modules/cjs/loader.js:776:30)
    at Object.Module._extensions..js (internal/modules/cjs/loader.js:787:10)
    at Module.load (internal/modules/cjs/loader.js:653:32)
    at tryModuleLoad (internal/modules/cjs/loader.js:593:12)
    at Function.Module._load (internal/modules/cjs/loader.js:585:3)
    at Function.Module.runMain (internal/modules/cjs/loader.js:829:12)
    at startup (internal/bootstrap/node.js:283:19)
    at bootstrapNodeJSCore (internal/bootstrap/node.js:622:3)"}{"error":{},"stack":"ReferenceError: Logger is not defined\n    at Object.<anonymous> (/home/techbulls/Documents/Balaso Project/nodeAPINew/app.js:11:23)\n    at Module._compile (internal/modules/cjs/loader.js:776:30)\n    at Object.Module._extensions..js (internal/modules/cjs/loader.js:787:10)\n    at Module.load (internal/modules/cjs/loader.js:653:32)\n    at tryModuleLoad (internal/modules/cjs/loader.js:593:12)\n    at Function.Module._load (internal/modules/cjs/loader.js:585:3)\n    at Function.Module.runMain (internal/modules/cjs/loader.js:829:12)\n    at startup (internal/bootstrap/node.js:283:19)\n    at bootstrapNodeJSCore (internal/bootstrap/node.js:622:3)","exception":true,"date":"Thu Sep 17 2020 22:44:50 GMT+0530 (India Standard Time)","process":{"pid":11964,"uid":1000,"gid":1000,"cwd":"/home/techbulls/Documents/Balaso Project/nodeAPINew","execPath":"/usr/local/bin/node","version":"v10.16.0","argv":["/usr/local/bin/node","/home/techbulls/Documents/Balaso Project/nodeAPINew/app"],"memoryUsage":{"rss":44167168,"heapTotal":19644416,"heapUsed":12231920,"external":435170}},"os":{"loadavg":[1.42578125,1.41455078125,1.5068359375],"uptime":3108},"trace":[{"column":23,"file":"/home/techbulls/Documents/Balaso Project/nodeAPINew/app.js","function":null,"line":11,"method":null,"native":false},{"column":30,"file":"internal/modules/cjs/loader.js","function":"Module._compile","line":776,"method":"_compile","native":false},{"column":10,"file":"internal/modules/cjs/loader.js","function":"Module._extensions..js","line":787,"method":".js","native":false},{"column":32,"file":"internal/modules/cjs/loader.js","function":"Module.load","line":653,"method":"load","native":false},{"column":12,"file":"internal/modules/cjs/loader.js","function":"tryModuleLoad","line":593,"method":null,"native":false},{"column":3,"file":"internal/modules/cjs/loader.js","function":"Module._load","line":585,"method":"_load","native":false},{"column":12,"file":"internal/modules/cjs/loader.js","function":"Module.runMain","line":829,"method":"runMain","native":false},{"column":19,"file":"internal/bootstrap/node.js","function":"startup","line":283,"method":null,"native":false},{"column":3,"file":"internal/bootstrap/node.js","function":"bootstrapNodeJSCore","line":622,"method":null,"native":false}]}
{"level":"error", "timestamp":"2020-09-17 22:45:06", "message":"uncaughtException: Logger is not defined
ReferenceError: Logger is not defined
    at Object.<anonymous> (/home/techbulls/Documents/Balaso Project/nodeAPINew/app.js:11:23)
    at Module._compile (internal/modules/cjs/loader.js:776:30)
    at Object.Module._extensions..js (internal/modules/cjs/loader.js:787:10)
    at Module.load (internal/modules/cjs/loader.js:653:32)
    at tryModuleLoad (internal/modules/cjs/loader.js:593:12)
    at Function.Module._load (internal/modules/cjs/loader.js:585:3)
    at Function.Module.runMain (internal/modules/cjs/loader.js:829:12)
    at startup (internal/bootstrap/node.js:283:19)
    at bootstrapNodeJSCore (internal/bootstrap/node.js:622:3)"}{"error":{},"stack":"ReferenceError: Logger is not defined\n    at Object.<anonymous> (/home/techbulls/Documents/Balaso Project/nodeAPINew/app.js:11:23)\n    at Module._compile (internal/modules/cjs/loader.js:776:30)\n    at Object.Module._extensions..js (internal/modules/cjs/loader.js:787:10)\n    at Module.load (internal/modules/cjs/loader.js:653:32)\n    at tryModuleLoad (internal/modules/cjs/loader.js:593:12)\n    at Function.Module._load (internal/modules/cjs/loader.js:585:3)\n    at Function.Module.runMain (internal/modules/cjs/loader.js:829:12)\n    at startup (internal/bootstrap/node.js:283:19)\n    at bootstrapNodeJSCore (internal/bootstrap/node.js:622:3)","exception":true,"date":"Thu Sep 17 2020 22:45:06 GMT+0530 (India Standard Time)","process":{"pid":12054,"uid":1000,"gid":1000,"cwd":"/home/techbulls/Documents/Balaso Project/nodeAPINew","execPath":"/usr/local/bin/node","version":"v10.16.0","argv":["/usr/local/bin/node","/home/techbulls/Documents/Balaso Project/nodeAPINew/app"],"memoryUsage":{"rss":44064768,"heapTotal":20168704,"heapUsed":12178600,"external":435170}},"os":{"loadavg":[1.31298828125,1.39306640625,1.49853515625],"uptime":3124},"trace":[{"column":23,"file":"/home/techbulls/Documents/Balaso Project/nodeAPINew/app.js","function":null,"line":11,"method":null,"native":false},{"column":30,"file":"internal/modules/cjs/loader.js","function":"Module._compile","line":776,"method":"_compile","native":false},{"column":10,"file":"internal/modules/cjs/loader.js","function":"Module._extensions..js","line":787,"method":".js","native":false},{"column":32,"file":"internal/modules/cjs/loader.js","function":"Module.load","line":653,"method":"load","native":false},{"column":12,"file":"internal/modules/cjs/loader.js","function":"tryModuleLoad","line":593,"method":null,"native":false},{"column":3,"file":"internal/modules/cjs/loader.js","function":"Module._load","line":585,"method":"_load","native":false},{"column":12,"file":"internal/modules/cjs/loader.js","function":"Module.runMain","line":829,"method":"runMain","native":false},{"column":19,"file":"internal/bootstrap/node.js","function":"startup","line":283,"method":null,"native":false},{"column":3,"file":"internal/bootstrap/node.js","function":"bootstrapNodeJSCore","line":622,"method":null,"native":false}]}
{"level":"error", "timestamp":"2020-09-17 22:45:10", "message":"uncaughtException: Logger is not defined
ReferenceError: Logger is not defined
    at Object.<anonymous> (/home/techbulls/Documents/Balaso Project/nodeAPINew/app.js:11:23)
    at Module._compile (internal/modules/cjs/loader.js:776:30)
    at Object.Module._extensions..js (internal/modules/cjs/loader.js:787:10)
    at Module.load (internal/modules/cjs/loader.js:653:32)
    at tryModuleLoad (internal/modules/cjs/loader.js:593:12)
    at Function.Module._load (internal/modules/cjs/loader.js:585:3)
    at Function.Module.runMain (internal/modules/cjs/loader.js:829:12)
    at startup (internal/bootstrap/node.js:283:19)
    at bootstrapNodeJSCore (internal/bootstrap/node.js:622:3)"}{"error":{},"stack":"ReferenceError: Logger is not defined\n    at Object.<anonymous> (/home/techbulls/Documents/Balaso Project/nodeAPINew/app.js:11:23)\n    at Module._compile (internal/modules/cjs/loader.js:776:30)\n    at Object.Module._extensions..js (internal/modules/cjs/loader.js:787:10)\n    at Module.load (internal/modules/cjs/loader.js:653:32)\n    at tryModuleLoad (internal/modules/cjs/loader.js:593:12)\n    at Function.Module._load (internal/modules/cjs/loader.js:585:3)\n    at Function.Module.runMain (internal/modules/cjs/loader.js:829:12)\n    at startup (internal/bootstrap/node.js:283:19)\n    at bootstrapNodeJSCore (internal/bootstrap/node.js:622:3)","exception":true,"date":"Thu Sep 17 2020 22:45:10 GMT+0530 (India Standard Time)","process":{"pid":12084,"uid":1000,"gid":1000,"cwd":"/home/techbulls/Documents/Balaso Project/nodeAPINew","execPath":"/usr/local/bin/node","version":"v10.16.0","argv":["/usr/local/bin/node","/home/techbulls/Documents/Balaso Project/nodeAPINew/app"],"memoryUsage":{"rss":44974080,"heapTotal":19644416,"heapUsed":12177408,"external":435170}},"os":{"loadavg":[1.20751953125,1.36962890625,1.490234375],"uptime":3128},"trace":[{"column":23,"file":"/home/techbulls/Documents/Balaso Project/nodeAPINew/app.js","function":null,"line":11,"method":null,"native":false},{"column":30,"file":"internal/modules/cjs/loader.js","function":"Module._compile","line":776,"method":"_compile","native":false},{"column":10,"file":"internal/modules/cjs/loader.js","function":"Module._extensions..js","line":787,"method":".js","native":false},{"column":32,"file":"internal/modules/cjs/loader.js","function":"Module.load","line":653,"method":"load","native":false},{"column":12,"file":"internal/modules/cjs/loader.js","function":"tryModuleLoad","line":593,"method":null,"native":false},{"column":3,"file":"internal/modules/cjs/loader.js","function":"Module._load","line":585,"method":"_load","native":false},{"column":12,"file":"internal/modules/cjs/loader.js","function":"Module.runMain","line":829,"method":"runMain","native":false},{"column":19,"file":"internal/bootstrap/node.js","function":"startup","line":283,"method":null,"native":false},{"column":3,"file":"internal/bootstrap/node.js","function":"bootstrapNodeJSCore","line":622,"method":null,"native":false}]}
{"level":"error", "timestamp":"2020-09-17 22:45:17", "message":"uncaughtException: Logger is not defined
ReferenceError: Logger is not defined
    at Object.<anonymous> (/home/techbulls/Documents/Balaso Project/nodeAPINew/app.js:11:23)
    at Module._compile (internal/modules/cjs/loader.js:776:30)
    at Object.Module._extensions..js (internal/modules/cjs/loader.js:787:10)
    at Module.load (internal/modules/cjs/loader.js:653:32)
    at tryModuleLoad (internal/modules/cjs/loader.js:593:12)
    at Function.Module._load (internal/modules/cjs/loader.js:585:3)
    at Function.Module.runMain (internal/modules/cjs/loader.js:829:12)
    at startup (internal/bootstrap/node.js:283:19)
    at bootstrapNodeJSCore (internal/bootstrap/node.js:622:3)"}{"error":{},"stack":"ReferenceError: Logger is not defined\n    at Object.<anonymous> (/home/techbulls/Documents/Balaso Project/nodeAPINew/app.js:11:23)\n    at Module._compile (internal/modules/cjs/loader.js:776:30)\n    at Object.Module._extensions..js (internal/modules/cjs/loader.js:787:10)\n    at Module.load (internal/modules/cjs/loader.js:653:32)\n    at tryModuleLoad (internal/modules/cjs/loader.js:593:12)\n    at Function.Module._load (internal/modules/cjs/loader.js:585:3)\n    at Function.Module.runMain (internal/modules/cjs/loader.js:829:12)\n    at startup (internal/bootstrap/node.js:283:19)\n    at bootstrapNodeJSCore (internal/bootstrap/node.js:622:3)","exception":true,"date":"Thu Sep 17 2020 22:45:17 GMT+0530 (India Standard Time)","process":{"pid":12138,"uid":1000,"gid":1000,"cwd":"/home/techbulls/Documents/Balaso Project/nodeAPINew","execPath":"/usr/local/bin/node","version":"v10.16.0","argv":["/usr/local/bin/node","/home/techbulls/Documents/Balaso Project/nodeAPINew/app.js"],"memoryUsage":{"rss":44359680,"heapTotal":19644416,"heapUsed":12231680,"external":435170}},"os":{"loadavg":[1.1103515625,1.3466796875,1.48193359375],"uptime":3135},"trace":[{"column":23,"file":"/home/techbulls/Documents/Balaso Project/nodeAPINew/app.js","function":null,"line":11,"method":null,"native":false},{"column":30,"file":"internal/modules/cjs/loader.js","function":"Module._compile","line":776,"method":"_compile","native":false},{"column":10,"file":"internal/modules/cjs/loader.js","function":"Module._extensions..js","line":787,"method":".js","native":false},{"column":32,"file":"internal/modules/cjs/loader.js","function":"Module.load","line":653,"method":"load","native":false},{"column":12,"file":"internal/modules/cjs/loader.js","function":"tryModuleLoad","line":593,"method":null,"native":false},{"column":3,"file":"internal/modules/cjs/loader.js","function":"Module._load","line":585,"method":"_load","native":false},{"column":12,"file":"internal/modules/cjs/loader.js","function":"Module.runMain","line":829,"method":"runMain","native":false},{"column":19,"file":"internal/bootstrap/node.js","function":"startup","line":283,"method":null,"native":false},{"column":3,"file":"internal/bootstrap/node.js","function":"bootstrapNodeJSCore","line":622,"method":null,"native":false}]}
{"level":"error", "timestamp":"2020-09-17 22:45:32", "message":"uncaughtException: Logger is not defined
ReferenceError: Logger is not defined
    at Object.<anonymous> (/home/techbulls/Documents/Balaso Project/nodeAPINew/app.js:11:23)
    at Module._compile (internal/modules/cjs/loader.js:776:30)
    at Object.Module._extensions..js (internal/modules/cjs/loader.js:787:10)
    at Module.load (internal/modules/cjs/loader.js:653:32)
    at tryModuleLoad (internal/modules/cjs/loader.js:593:12)
    at Function.Module._load (internal/modules/cjs/loader.js:585:3)
    at Function.Module.runMain (internal/modules/cjs/loader.js:829:12)
    at startup (internal/bootstrap/node.js:283:19)
    at bootstrapNodeJSCore (internal/bootstrap/node.js:622:3)"}{"error":{},"stack":"ReferenceError: Logger is not defined\n    at Object.<anonymous> (/home/techbulls/Documents/Balaso Project/nodeAPINew/app.js:11:23)\n    at Module._compile (internal/modules/cjs/loader.js:776:30)\n    at Object.Module._extensions..js (internal/modules/cjs/loader.js:787:10)\n    at Module.load (internal/modules/cjs/loader.js:653:32)\n    at tryModuleLoad (internal/modules/cjs/loader.js:593:12)\n    at Function.Module._load (internal/modules/cjs/loader.js:585:3)\n    at Function.Module.runMain (internal/modules/cjs/loader.js:829:12)\n    at startup (internal/bootstrap/node.js:283:19)\n    at bootstrapNodeJSCore (internal/bootstrap/node.js:622:3)","exception":true,"date":"Thu Sep 17 2020 22:45:32 GMT+0530 (India Standard Time)","process":{"pid":12215,"uid":1000,"gid":1000,"cwd":"/home/techbulls/Documents/Balaso Project/nodeAPINew","execPath":"/usr/local/bin/node","version":"v10.16.0","argv":["/usr/local/bin/node","/home/techbulls/Documents/Balaso Project/nodeAPINew/app.js"],"memoryUsage":{"rss":44244992,"heapTotal":19644416,"heapUsed":12231720,"external":435170}},"os":{"loadavg":[1.5400390625,1.42822265625,1.50634765625],"uptime":3150},"trace":[{"column":23,"file":"/home/techbulls/Documents/Balaso Project/nodeAPINew/app.js","function":null,"line":11,"method":null,"native":false},{"column":30,"file":"internal/modules/cjs/loader.js","function":"Module._compile","line":776,"method":"_compile","native":false},{"column":10,"file":"internal/modules/cjs/loader.js","function":"Module._extensions..js","line":787,"method":".js","native":false},{"column":32,"file":"internal/modules/cjs/loader.js","function":"Module.load","line":653,"method":"load","native":false},{"column":12,"file":"internal/modules/cjs/loader.js","function":"tryModuleLoad","line":593,"method":null,"native":false},{"column":3,"file":"internal/modules/cjs/loader.js","function":"Module._load","line":585,"method":"_load","native":false},{"column":12,"file":"internal/modules/cjs/loader.js","function":"Module.runMain","line":829,"method":"runMain","native":false},{"column":19,"file":"internal/bootstrap/node.js","function":"startup","line":283,"method":null,"native":false},{"column":3,"file":"internal/bootstrap/node.js","function":"bootstrapNodeJSCore","line":622,"method":null,"native":false}]}
