{"level":"info", "timestamp":"2020-09-18 00:35:31:3531", "message":"Server listening on port 4444"}
{"level":"info", "timestamp":"2020-09-18 00:35:31:3531", "message":" Default Admin User Info {"activated":true,"firstName":"Admin","lastName":null,"imageUrl":"","activationKey":"","resetKey":"","createdBy":"Admin@techbulls.com ","lastModifiedBy":"","roles":["5f633a3fd9cf7d17fc496096","5f631049ddcde56188b080fd"],"_id":"5f6311da56603c6360689bf6","username":"Admin","email":"admin@techbulls.com","langKey":"en","resetDate":"2020-09-17T07:35:54.639Z","lastModifiedDate":"2020-09-17T07:35:54.639Z","createdDate":"2020-09-17T07:35:54.639Z","__v":0}"}
{"level":"info", "timestamp":"2020-09-18 00:36:10:3610", "message":"Server listening on port 4444"}
{"level":"info", "timestamp":"2020-09-18 00:36:10:3610", "message":" Default Admin User Info {"activated":true,"firstName":"Admin","lastName":null,"imageUrl":"","activationKey":"","resetKey":"","createdBy":"Admin@techbulls.com ","lastModifiedBy":"","roles":["5f633a3fd9cf7d17fc496096","5f631049ddcde56188b080fd"],"_id":"5f6311da56603c6360689bf6","username":"Admin","email":"admin@techbulls.com","langKey":"en","resetDate":"2020-09-17T07:35:54.639Z","lastModifiedDate":"2020-09-17T07:35:54.639Z","createdDate":"2020-09-17T07:35:54.639Z","__v":0}"}
{"level":"request", "timestamp":"2020-09-18 00:36:12:3612", "message":"{"method":"POST","url":"/api/authenticate","user-agent":"Mozilla/5.0 (X11; Linux x86_64) AppleWebKit/537.36 (KHTML, like Gecko) Chrome/84.0.4147.105 Safari/537.36","IP":"::1","startTime":1600369572610,"endTime":1600369572803,"Total Time Required":"193ms"}"}
{"level":"info", "timestamp":"2020-09-18 00:37:42:3742", "message":"Server listening on port 4444"}
{"level":"info", "timestamp":"2020-09-18 00:37:42:3742", "message":" Default Admin User Info {"activated":true,"firstName":"Admin","lastName":null,"imageUrl":"","activationKey":"","resetKey":"","createdBy":"Admin@techbulls.com ","lastModifiedBy":"","roles":["5f633a3fd9cf7d17fc496096","5f631049ddcde56188b080fd"],"_id":"5f6311da56603c6360689bf6","username":"Admin","email":"admin@techbulls.com","langKey":"en","resetDate":"2020-09-17T07:35:54.639Z","lastModifiedDate":"2020-09-17T07:35:54.639Z","createdDate":"2020-09-17T07:35:54.639Z","__v":0}"}
{"level":"request", "timestamp":"2020-09-18 00:37:44:3744", "message":"{"method":"POST","url":"/api/authenticate","user-agent":"Mozilla/5.0 (X11; Linux x86_64) AppleWebKit/537.36 (KHTML, like Gecko) Chrome/84.0.4147.105 Safari/537.36","IP":"::1","startTime":1600369664611,"endTime":1600369664773,"Total Time Required":"162ms"}"}
{"level":"request", "timestamp":"2020-09-18 00:38:03:383", "message":"{"method":"POST","url":"/api/authenticate","user-agent":"Mozilla/5.0 (X11; Linux x86_64) AppleWebKit/537.36 (KHTML, like Gecko) Chrome/84.0.4147.105 Safari/537.36","IP":"::1","startTime":1600369683452,"endTime":1600369683566,"Total Time Required":"114ms"}"}
{"level":"info", "timestamp":"2020-09-18 00:38:26:3826", "message":"Server listening on port 4444"}
{"level":"info", "timestamp":"2020-09-18 00:38:26:3826", "message":" Default Admin User Info {"activated":true,"firstName":"Admin","lastName":null,"imageUrl":"","activationKey":"","resetKey":"","createdBy":"Admin@techbulls.com ","lastModifiedBy":"","roles":["5f633a3fd9cf7d17fc496096","5f631049ddcde56188b080fd"],"_id":"5f6311da56603c6360689bf6","username":"Admin","email":"admin@techbulls.com","langKey":"en","resetDate":"2020-09-17T07:35:54.639Z","lastModifiedDate":"2020-09-17T07:35:54.639Z","createdDate":"2020-09-17T07:35:54.639Z","__v":0}"}
{"level":"request", "timestamp":"2020-09-18 00:38:28:3828", "message":"{"method":"POST","url":"/api/authenticate","user-agent":"Mozilla/5.0 (X11; Linux x86_64) AppleWebKit/537.36 (KHTML, like Gecko) Chrome/84.0.4147.105 Safari/537.36","IP":"::1","startTime":1600369708313,"endTime":1600369708507,"Total Time Required":"194ms"}"}
{"level":"info", "timestamp":"2020-09-18 00:46:22:4622", "message":"Server listening on port 4444"}
{"level":"info", "timestamp":"2020-09-18 00:46:22:4622", "message":" Default Admin User Info {"activated":true,"firstName":"Admin","lastName":null,"imageUrl":"","activationKey":"","resetKey":"","createdBy":"Admin@techbulls.com ","lastModifiedBy":"","roles":["5f633a3fd9cf7d17fc496096","5f631049ddcde56188b080fd"],"_id":"5f6311da56603c6360689bf6","username":"Admin","email":"admin@techbulls.com","langKey":"en","resetDate":"2020-09-17T07:35:54.639Z","lastModifiedDate":"2020-09-17T07:35:54.639Z","createdDate":"2020-09-17T07:35:54.639Z","__v":0}"}
{"level":"info", "timestamp":"2020-09-18 00:47:15:4715", "message":"Server listening on port 4444"}
{"level":"info", "timestamp":"2020-09-18 00:47:15:4715", "message":" Default Admin User Info {"activated":true,"firstName":"Admin","lastName":null,"imageUrl":"","activationKey":"","resetKey":"","createdBy":"Admin@techbulls.com ","lastModifiedBy":"","roles":["5f633a3fd9cf7d17fc496096","5f631049ddcde56188b080fd"],"_id":"5f6311da56603c6360689bf6","username":"Admin","email":"admin@techbulls.com","langKey":"en","resetDate":"2020-09-17T07:35:54.639Z","lastModifiedDate":"2020-09-17T07:35:54.639Z","createdDate":"2020-09-17T07:35:54.639Z","__v":0}"}
{"level":"info", "timestamp":"2020-09-18 00:48:48:4848", "message":"Server listening on port 4444"}
{"level":"info", "timestamp":"2020-09-18 00:48:48:4848", "message":" Default Admin User Info {"activated":true,"firstName":"Admin","lastName":null,"imageUrl":"","activationKey":"","resetKey":"","createdBy":"Admin@techbulls.com ","lastModifiedBy":"","roles":["5f633a3fd9cf7d17fc496096","5f631049ddcde56188b080fd"],"_id":"5f6311da56603c6360689bf6","username":"Admin","email":"admin@techbulls.com","langKey":"en","resetDate":"2020-09-17T07:35:54.639Z","lastModifiedDate":"2020-09-17T07:35:54.639Z","createdDate":"2020-09-17T07:35:54.639Z","__v":0}"}
{"level":"info", "timestamp":"2020-09-18 00:50:10:5010", "message":"Server listening on port 4444"}
{"level":"info", "timestamp":"2020-09-18 00:50:10:5010", "message":" Default Admin User Info {"activated":true,"firstName":"Admin","lastName":null,"imageUrl":"","activationKey":"","resetKey":"","createdBy":"Admin@techbulls.com ","lastModifiedBy":"","roles":["5f633a3fd9cf7d17fc496096","5f631049ddcde56188b080fd"],"_id":"5f6311da56603c6360689bf6","username":"Admin","email":"admin@techbulls.com","langKey":"en","resetDate":"2020-09-17T07:35:54.639Z","lastModifiedDate":"2020-09-17T07:35:54.639Z","createdDate":"2020-09-17T07:35:54.639Z","__v":0}"}
{"level":"info", "timestamp":"2020-09-18 00:50:22:5022", "message":"Server listening on port 4444"}
{"level":"info", "timestamp":"2020-09-18 00:50:22:5022", "message":" Default Admin User Info {"activated":true,"firstName":"Admin","lastName":null,"imageUrl":"","activationKey":"","resetKey":"","createdBy":"Admin@techbulls.com ","lastModifiedBy":"","roles":["5f633a3fd9cf7d17fc496096","5f631049ddcde56188b080fd"],"_id":"5f6311da56603c6360689bf6","username":"Admin","email":"admin@techbulls.com","langKey":"en","resetDate":"2020-09-17T07:35:54.639Z","lastModifiedDate":"2020-09-17T07:35:54.639Z","createdDate":"2020-09-17T07:35:54.639Z","__v":0}"}
{"level":"info", "timestamp":"2020-09-18 00:51:14:5114", "message":"Server listening on port 4444"}
{"level":"info", "timestamp":"2020-09-18 00:51:14:5114", "message":" Default Admin User Info {"activated":true,"firstName":"Admin","lastName":null,"imageUrl":"","activationKey":"","resetKey":"","createdBy":"Admin@techbulls.com ","lastModifiedBy":"","roles":["5f633a3fd9cf7d17fc496096","5f631049ddcde56188b080fd"],"_id":"5f6311da56603c6360689bf6","username":"Admin","email":"admin@techbulls.com","langKey":"en","resetDate":"2020-09-17T07:35:54.639Z","lastModifiedDate":"2020-09-17T07:35:54.639Z","createdDate":"2020-09-17T07:35:54.639Z","__v":0}"}
{"level":"info", "timestamp":"2020-09-18 00:52:07:527", "message":"Server listening on port 4444"}
{"level":"info", "timestamp":"2020-09-18 00:52:07:527", "message":" Default Admin User Info {"activated":true,"firstName":"Admin","lastName":null,"imageUrl":"","activationKey":"","resetKey":"","createdBy":"Admin@techbulls.com ","lastModifiedBy":"","roles":["5f633a3fd9cf7d17fc496096","5f631049ddcde56188b080fd"],"_id":"5f6311da56603c6360689bf6","username":"Admin","email":"admin@techbulls.com","langKey":"en","resetDate":"2020-09-17T07:35:54.639Z","lastModifiedDate":"2020-09-17T07:35:54.639Z","createdDate":"2020-09-17T07:35:54.639Z","__v":0}"}
{"level":"info", "timestamp":"2020-09-18 10:43:38:4338", "message":"Server listening on port 4444"}
{"level":"info", "timestamp":"2020-09-18 10:43:38:4338", "message":" Default Admin User Info {"activated":true,"firstName":"Admin","lastName":null,"imageUrl":"","activationKey":"","resetKey":"","createdBy":"Admin@techbulls.com ","lastModifiedBy":"","roles":["5f633a3fd9cf7d17fc496096","5f631049ddcde56188b080fd"],"_id":"5f6311da56603c6360689bf6","username":"Admin","email":"admin@techbulls.com","langKey":"en","resetDate":"2020-09-17T07:35:54.639Z","lastModifiedDate":"2020-09-17T07:35:54.639Z","createdDate":"2020-09-17T07:35:54.639Z","__v":0}"}
{"level":"info", "timestamp":"2020-09-18 10:44:50:4450", "message":"Server listening on port 4444"}
{"level":"info", "timestamp":"2020-09-18 10:44:50:4450", "message":" Default Admin User Info {"activated":true,"firstName":"Admin","lastName":null,"imageUrl":"","activationKey":"","resetKey":"","createdBy":"Admin@techbulls.com ","lastModifiedBy":"","roles":["5f633a3fd9cf7d17fc496096","5f631049ddcde56188b080fd"],"_id":"5f6311da56603c6360689bf6","username":"Admin","email":"admin@techbulls.com","langKey":"en","resetDate":"2020-09-17T07:35:54.639Z","lastModifiedDate":"2020-09-17T07:35:54.639Z","createdDate":"2020-09-17T07:35:54.639Z","__v":0}"}
{"level":"info", "timestamp":"2020-09-18 10:45:11:4511", "message":"test sample"}{"id":123}
{"level":"warn", "timestamp":"2020-09-18 10:45:11:4511", "message":"User validation failed: email: Please fill a valid email address, username: Error, expected `username` to be unique. Value: `balaqwewq`"}
{"level":"info", "timestamp":"2020-09-18 10:46:51:4651", "message":"Server listening on port 4444"}
{"level":"info", "timestamp":"2020-09-18 10:46:52:4652", "message":" Default Admin User Info {"activated":true,"firstName":"Admin","lastName":null,"imageUrl":"","activationKey":"","resetKey":"","createdBy":"Admin@techbulls.com ","lastModifiedBy":"","roles":["5f633a3fd9cf7d17fc496096","5f631049ddcde56188b080fd"],"_id":"5f6311da56603c6360689bf6","username":"Admin","email":"admin@techbulls.com","langKey":"en","resetDate":"2020-09-17T07:35:54.639Z","lastModifiedDate":"2020-09-17T07:35:54.639Z","createdDate":"2020-09-17T07:35:54.639Z","__v":0}"}
{"level":"info", "timestamp":"2020-09-18 10:46:54:4654", "message":"test sample"}{"id":123}
{"level":"warn", "timestamp":"2020-09-18 10:46:54:4654", "message":"User validation failed: email: Please fill a valid email address, username: Error, expected `username` to be unique. Value: `balaqwewq`"}
{"level":"info", "timestamp":"2020-09-18 10:46:54:4654", "message":"{"method":"POST","url":"/api/register","user-agent":"Mozilla/5.0 (X11; Linux x86_64) AppleWebKit/537.36 (KHTML, like Gecko) Chrome/84.0.4147.105 Safari/537.36","IP":"::1","startTime":1600406214049,"endTime":1600406214233,"Total Time Required":"184ms"}"}
{"level":"info", "timestamp":"2020-09-18 10:47:13:4713", "message":"Server listening on port 4444"}
{"level":"info", "timestamp":"2020-09-18 10:47:13:4713", "message":" Default Admin User Info {"activated":true,"firstName":"Admin","lastName":null,"imageUrl":"","activationKey":"","resetKey":"","createdBy":"Admin@techbulls.com ","lastModifiedBy":"","roles":["5f633a3fd9cf7d17fc496096","5f631049ddcde56188b080fd"],"_id":"5f6311da56603c6360689bf6","username":"Admin","email":"admin@techbulls.com","langKey":"en","resetDate":"2020-09-17T07:35:54.639Z","lastModifiedDate":"2020-09-17T07:35:54.639Z","createdDate":"2020-09-17T07:35:54.639Z","__v":0}"}
{"level":"info", "timestamp":"2020-09-18 10:47:15:4715", "message":"test sample"}{"id":123}
{"level":"warn", "timestamp":"2020-09-18 10:47:15:4715", "message":"User validation failed: email: Please fill a valid email address, username: Error, expected `username` to be unique. Value: `balaqwewq`"}
{"level":"request", "timestamp":"2020-09-18 10:47:15:4715", "message":"{"method":"POST","url":"/api/register","user-agent":"Mozilla/5.0 (X11; Linux x86_64) AppleWebKit/537.36 (KHTML, like Gecko) Chrome/84.0.4147.105 Safari/537.36","IP":"::1","startTime":1600406235158,"endTime":1600406235324,"Total Time Required":"166ms"}"}
{"level":"info", "timestamp":"2020-09-18 10:47:43:4743", "message":"Server listening on port 4444"}
{"level":"info", "timestamp":"2020-09-18 10:47:43:4743", "message":" Default Admin User Info {"activated":true,"firstName":"Admin","lastName":null,"imageUrl":"","activationKey":"","resetKey":"","createdBy":"Admin@techbulls.com ","lastModifiedBy":"","roles":["5f633a3fd9cf7d17fc496096","5f631049ddcde56188b080fd"],"_id":"5f6311da56603c6360689bf6","username":"Admin","email":"admin@techbulls.com","langKey":"en","resetDate":"2020-09-17T07:35:54.639Z","lastModifiedDate":"2020-09-17T07:35:54.639Z","createdDate":"2020-09-17T07:35:54.639Z","__v":0}"}
{"level":"info", "timestamp":"2020-09-18 10:47:45:4745", "message":"test sample"}{"id":123}
{"level":"warn", "timestamp":"2020-09-18 10:47:45:4745", "message":"User validation failed: email: Please fill a valid email address, username: Error, expected `username` to be unique. Value: `balaqwewq`"}
{"level":"info", "timestamp":"2020-09-18 10:47:45:4745", "message":"{"method":"POST","url":"/api/register","user-agent":"Mozilla/5.0 (X11; Linux x86_64) AppleWebKit/537.36 (KHTML, like Gecko) Chrome/84.0.4147.105 Safari/537.36","IP":"::1","startTime":1600406265708,"endTime":1600406265892,"Total Time Required":"184ms"}"}
{"level":"info", "timestamp":"2020-09-18 10:49:42:4942", "message":"Server listening on port 4444"}
{"level":"info", "timestamp":"2020-09-18 10:49:42:4942", "message":" Default Admin User Info {"activated":true,"firstName":"Admin","lastName":null,"imageUrl":"","activationKey":"","resetKey":"","createdBy":"Admin@techbulls.com ","lastModifiedBy":"","roles":["5f633a3fd9cf7d17fc496096","5f631049ddcde56188b080fd"],"_id":"5f6311da56603c6360689bf6","username":"Admin","email":"admin@techbulls.com","langKey":"en","resetDate":"2020-09-17T07:35:54.639Z","lastModifiedDate":"2020-09-17T07:35:54.639Z","createdDate":"2020-09-17T07:35:54.639Z","__v":0}"}
{"level":"info", "timestamp":"2020-09-18 10:49:45:4945", "message":"test sample"}{"id":123}
{"level":"warn", "timestamp":"2020-09-18 10:49:45:4945", "message":"User validation failed: email: Please fill a valid email address, username: Error, expected `username` to be unique. Value: `balaqwewq`"}
{"level":"info", "timestamp":"2020-09-18 10:49:45:4945", "message":"{"method":"POST","url":"/api/register","user-agent":"Mozilla/5.0 (X11; Linux x86_64) AppleWebKit/537.36 (KHTML, like Gecko) Chrome/84.0.4147.105 Safari/537.36","IP":"::1","startTime":1600406385463,"endTime":1600406385652,"Total Time Required":"189ms"}"}
{"level":"info", "timestamp":"2020-09-18 11:01:38:138", "message":"Server listening on port 4444"}
{"level":"info", "timestamp":"2020-09-18 11:01:38:138", "message":" Default Admin User Info {"activated":true,"firstName":"Admin","lastName":null,"imageUrl":"","activationKey":"","resetKey":"","createdBy":"Admin@techbulls.com ","lastModifiedBy":"","roles":["5f633a3fd9cf7d17fc496096","5f631049ddcde56188b080fd"],"_id":"5f6311da56603c6360689bf6","username":"Admin","email":"admin@techbulls.com","langKey":"en","resetDate":"2020-09-17T07:35:54.639Z","lastModifiedDate":"2020-09-17T07:35:54.639Z","createdDate":"2020-09-17T07:35:54.639Z","__v":0}"}
{"level":"info", "timestamp":"2020-09-18 11:01:41:141", "message":"test sample"}{"id":123}
{"level":"warn", "timestamp":"2020-09-18 11:01:41:141", "message":"User validation failed: email: Please fill a valid email address, username: Error, expected `username` to be unique. Value: `balaqwewq`"}
{"level":"info", "timestamp":"2020-09-18 11:01:41:141", "message":"{"method":"POST","url":"/api/register","IP":"::1","startTime":1600407101397,"endTime":1600407101559,"response":{"status":400},"Total Time Required":"162ms"}"}
{"level":"info", "timestamp":"2020-09-18 11:02:53:253", "message":"Server listening on port 4444"}
{"level":"info", "timestamp":"2020-09-18 11:02:53:253", "message":" Default Admin User Info {"activated":true,"firstName":"Admin","lastName":null,"imageUrl":"","activationKey":"","resetKey":"","createdBy":"Admin@techbulls.com ","lastModifiedBy":"","roles":["5f633a3fd9cf7d17fc496096","5f631049ddcde56188b080fd"],"_id":"5f6311da56603c6360689bf6","username":"Admin","email":"admin@techbulls.com","langKey":"en","resetDate":"2020-09-17T07:35:54.639Z","lastModifiedDate":"2020-09-17T07:35:54.639Z","createdDate":"2020-09-17T07:35:54.639Z","__v":0}"}
{"level":"info", "timestamp":"2020-09-18 11:02:55:255", "message":"test sample"}{"id":123}
{"level":"warn", "timestamp":"2020-09-18 11:02:56:256", "message":"User validation failed: email: Please fill a valid email address, username: Error, expected `username` to be unique. Value: `balaqwewq`"}
{"level":"info", "timestamp":"2020-09-18 11:02:56:256", "message":"{"method":"POST","url":"/api/register","IP":"::1","startTime":1600407175842,"endTime":1600407176022,"Total Time Required":"180ms","response":{"status":400}}"}
{"level":"info", "timestamp":"2020-09-18 11:04:05:45", "message":"Server listening on port 4444"}
{"level":"info", "timestamp":"2020-09-18 11:04:05:45", "message":" Default Admin User Info {"activated":true,"firstName":"Admin","lastName":null,"imageUrl":"","activationKey":"","resetKey":"","createdBy":"Admin@techbulls.com ","lastModifiedBy":"","roles":["5f633a3fd9cf7d17fc496096","5f631049ddcde56188b080fd"],"_id":"5f6311da56603c6360689bf6","username":"Admin","email":"admin@techbulls.com","langKey":"en","resetDate":"2020-09-17T07:35:54.639Z","lastModifiedDate":"2020-09-17T07:35:54.639Z","createdDate":"2020-09-17T07:35:54.639Z","__v":0}"}
{"level":"info", "timestamp":"2020-09-18 11:04:09:49", "message":"test sample"}{"id":123}
{"level":"warn", "timestamp":"2020-09-18 11:04:09:49", "message":"User validation failed: email: Please fill a valid email address, username: Error, expected `username` to be unique. Value: `balaqwewq`"}
{"level":"info", "timestamp":"2020-09-18 11:04:09:49", "message":"{"method":"POST","url":"/api/register","IP":"::1","startTime":1600407249530,"endTime":1600407249699,"Total Time Required":"169ms","response":{"status":400}}"}
{"level":"info", "timestamp":"2020-09-18 11:04:20:420", "message":"Server listening on port 4444"}
{"level":"info", "timestamp":"2020-09-18 11:04:20:420", "message":" Default Admin User Info {"activated":true,"firstName":"Admin","lastName":null,"imageUrl":"","activationKey":"","resetKey":"","createdBy":"Admin@techbulls.com ","lastModifiedBy":"","roles":["5f633a3fd9cf7d17fc496096","5f631049ddcde56188b080fd"],"_id":"5f6311da56603c6360689bf6","username":"Admin","email":"admin@techbulls.com","langKey":"en","resetDate":"2020-09-17T07:35:54.639Z","lastModifiedDate":"2020-09-17T07:35:54.639Z","createdDate":"2020-09-17T07:35:54.639Z","__v":0}"}
{"level":"info", "timestamp":"2020-09-18 11:04:22:422", "message":"test sample"}{"id":123}
{"level":"warn", "timestamp":"2020-09-18 11:04:23:423", "message":"User validation failed: email: Please fill a valid email address, username: Error, expected `username` to be unique. Value: `balaqwewq`"}
{"level":"info", "timestamp":"2020-09-18 11:04:23:423", "message":"{"method":"POST","url":"/api/register","IP":"::1","startTime":1600407262930,"endTime":1600407263091,"Total Time Required":"161ms","response":{"status":400}}"}
{"level":"info", "timestamp":"2020-09-18 11:04:45:445", "message":"Server listening on port 4444"}
{"level":"info", "timestamp":"2020-09-18 11:04:45:445", "message":" Default Admin User Info {"activated":true,"firstName":"Admin","lastName":null,"imageUrl":"","activationKey":"","resetKey":"","createdBy":"Admin@techbulls.com ","lastModifiedBy":"","roles":["5f633a3fd9cf7d17fc496096","5f631049ddcde56188b080fd"],"_id":"5f6311da56603c6360689bf6","username":"Admin","email":"admin@techbulls.com","langKey":"en","resetDate":"2020-09-17T07:35:54.639Z","lastModifiedDate":"2020-09-17T07:35:54.639Z","createdDate":"2020-09-17T07:35:54.639Z","__v":0}"}
{"level":"info", "timestamp":"2020-09-18 11:04:48:448", "message":"test sample"}{"id":123}
{"level":"warn", "timestamp":"2020-09-18 11:04:49:449", "message":"User validation failed: email: Please fill a valid email address, username: Error, expected `username` to be unique. Value: `balaqwewq`"}
{"level":"info", "timestamp":"2020-09-18 11:04:49:449", "message":"{"method":"POST","url":"/api/register","IP":"::1","startTime":1600407288918,"endTime":1600407289074,"Total Time Required":"156ms","response":{"status":400}}"}
{"level":"info", "timestamp":"2020-09-18 11:07:37:737", "message":"Server listening on port 4444"}
{"level":"info", "timestamp":"2020-09-18 11:07:37:737", "message":" Default Admin User Info {"activated":true,"firstName":"Admin","lastName":null,"imageUrl":"","activationKey":"","resetKey":"","createdBy":"Admin@techbulls.com ","lastModifiedBy":"","roles":["5f633a3fd9cf7d17fc496096","5f631049ddcde56188b080fd"],"_id":"5f6311da56603c6360689bf6","username":"Admin","email":"admin@techbulls.com","langKey":"en","resetDate":"2020-09-17T07:35:54.639Z","lastModifiedDate":"2020-09-17T07:35:54.639Z","createdDate":"2020-09-17T07:35:54.639Z","__v":0}"}
{"level":"info", "timestamp":"2020-09-18 11:07:40:740", "message":"test sample"}{"id":123}
{"level":"warn", "timestamp":"2020-09-18 11:07:40:740", "message":"User validation failed: email: Please fill a valid email address, username: Error, expected `username` to be unique. Value: `balaqwewq`"}
{"level":"info", "timestamp":"2020-09-18 11:07:40:740", "message":"{"method":"POST","url":"/api/register","IP":"::1","startTime":1600407460830,"endTime":1600407460976,"Total Time Required":"146ms","response":{"status":400}}"}
{"level":"info", "timestamp":"2020-09-18 11:14:06:146", "message":"Server listening on port 4444"}
{"level":"info", "timestamp":"2020-09-18 11:14:06:146", "message":" Default Admin User Info {"activated":true,"firstName":"Admin","lastName":null,"imageUrl":"","activationKey":"","resetKey":"","createdBy":"Admin@techbulls.com ","lastModifiedBy":"","roles":["5f633a3fd9cf7d17fc496096","5f631049ddcde56188b080fd"],"_id":"5f6311da56603c6360689bf6","username":"Admin","email":"admin@techbulls.com","langKey":"en","resetDate":"2020-09-17T07:35:54.639Z","lastModifiedDate":"2020-09-17T07:35:54.639Z","createdDate":"2020-09-17T07:35:54.639Z","__v":0}"}
{"level":"info", "timestamp":"2020-09-18 11:14:09:149", "message":"test sample"}{"id":123}
{"level":"warn", "timestamp":"2020-09-18 11:14:10:1410", "message":"User validation failed: email: Please fill a valid email address, username: Error, expected `username` to be unique. Value: `balaqwewq`"}
{"level":"info", "timestamp":"2020-09-18 11:14:10:1410", "message":"{"method":"POST","url":"/api/register","IP":"::1","startTime":1600407849903,"endTime":1600407850077,"Total Time Required":"174ms","response":{"status":400}}"}
{"level":"info", "timestamp":"2020-09-18 11:14:15:1415", "message":"{"method":"POST","url":"/api/authenticate","IP":"::1","startTime":1600407854949,"endTime":1600407855098,"Total Time Required":"149ms","response":{"status":200}}"}
{"level":"info", "timestamp":"2020-09-18 11:20:42:2042", "message":"Server listening on port 4444"}
{"level":"info", "timestamp":"2020-09-18 11:20:42:2042", "message":" Default Admin User Info {"activated":true,"firstName":"Admin","lastName":null,"imageUrl":"","activationKey":"","resetKey":"","createdBy":"Admin@techbulls.com ","lastModifiedBy":"","roles":["5f633a3fd9cf7d17fc496096","5f631049ddcde56188b080fd"],"_id":"5f6311da56603c6360689bf6","username":"Admin","email":"admin@techbulls.com","langKey":"en","resetDate":"2020-09-17T07:35:54.639Z","lastModifiedDate":"2020-09-17T07:35:54.639Z","createdDate":"2020-09-17T07:35:54.639Z","__v":0}"}
{"level":"info", "timestamp":"2020-09-18 11:20:45:2045", "message":"{"method":"POST","url":"/api/authenticate","IP":"::1","startTime":1600408245757,"endTime":1600408245908,"Total Time Required":"150ms","response":{"status":200}}"}
{"level":"info", "timestamp":"2020-09-18 11:22:15:2215", "message":"Server listening on port 4444"}
{"level":"info", "timestamp":"2020-09-18 11:22:15:2215", "message":" Default Admin User Info {"activated":true,"firstName":"Admin","lastName":null,"imageUrl":"","activationKey":"","resetKey":"","createdBy":"Admin@techbulls.com ","lastModifiedBy":"","roles":["5f633a3fd9cf7d17fc496096","5f631049ddcde56188b080fd"],"_id":"5f6311da56603c6360689bf6","username":"Admin","email":"admin@techbulls.com","langKey":"en","resetDate":"2020-09-17T07:35:54.639Z","lastModifiedDate":"2020-09-17T07:35:54.639Z","createdDate":"2020-09-17T07:35:54.639Z","__v":0}"}
{"level":"info", "timestamp":"2020-09-18 11:22:17:2217", "message":"{"method":"POST","url":"/api/authenticate","IP":"::1","startTime":1600408337424,"endTime":1600408337579,"Total Time Required":"155ms","response":{"status":200}}"}
{"level":"info", "timestamp":"2020-09-18 11:22:36:2236", "message":"Server listening on port 4444"}
{"level":"info", "timestamp":"2020-09-18 11:22:36:2236", "message":" Default Admin User Info {"activated":true,"firstName":"Admin","lastName":null,"imageUrl":"","activationKey":"","resetKey":"","createdBy":"Admin@techbulls.com ","lastModifiedBy":"","roles":["5f633a3fd9cf7d17fc496096","5f631049ddcde56188b080fd"],"_id":"5f6311da56603c6360689bf6","username":"Admin","email":"admin@techbulls.com","langKey":"en","resetDate":"2020-09-17T07:35:54.639Z","lastModifiedDate":"2020-09-17T07:35:54.639Z","createdDate":"2020-09-17T07:35:54.639Z","__v":0}"}
{"level":"info", "timestamp":"2020-09-18 11:22:38:2238", "message":"{"method":"POST","url":"/api/authenticate","IP":"::1","startTime":1600408358485,"endTime":1600408358643,"Total Time Required":"158ms","response":{"status":200}}"}
{"level":"info", "timestamp":"2020-09-18 11:23:43:2343", "message":"Server listening on port 4444"}
{"level":"info", "timestamp":"2020-09-18 11:23:43:2343", "message":" Default Admin User Info {"activated":true,"firstName":"Admin","lastName":null,"imageUrl":"","activationKey":"","resetKey":"","createdBy":"Admin@techbulls.com ","lastModifiedBy":"","roles":["5f633a3fd9cf7d17fc496096","5f631049ddcde56188b080fd"],"_id":"5f6311da56603c6360689bf6","username":"Admin","email":"admin@techbulls.com","langKey":"en","resetDate":"2020-09-17T07:35:54.639Z","lastModifiedDate":"2020-09-17T07:35:54.639Z","createdDate":"2020-09-17T07:35:54.639Z","__v":0}"}
{"level":"info", "timestamp":"2020-09-18 11:23:59:2359", "message":"Server listening on port 4444"}
{"level":"info", "timestamp":"2020-09-18 11:23:59:2359", "message":" Default Admin User Info {"activated":true,"firstName":"Admin","lastName":null,"imageUrl":"","activationKey":"","resetKey":"","createdBy":"Admin@techbulls.com ","lastModifiedBy":"","roles":["5f633a3fd9cf7d17fc496096","5f631049ddcde56188b080fd"],"_id":"5f6311da56603c6360689bf6","username":"Admin","email":"admin@techbulls.com","langKey":"en","resetDate":"2020-09-17T07:35:54.639Z","lastModifiedDate":"2020-09-17T07:35:54.639Z","createdDate":"2020-09-17T07:35:54.639Z","__v":0}"}
{"level":"info", "timestamp":"2020-09-18 11:24:01:241", "message":"{"method":"POST","url":"/api/authenticate","IP":"::1","startTime":1600408441681,"endTime":1600408441868,"Total Time Required":"187ms","response":{"status":200}}"}
{"level":"info", "timestamp":"2020-09-18 11:27:38:2738", "message":"Server listening on port 4444"}
{"level":"info", "timestamp":"2020-09-18 11:27:39:2739", "message":" Default Admin User Info {"activated":true,"firstName":"Admin","lastName":null,"imageUrl":"","activationKey":"","resetKey":"","createdBy":"Admin@techbulls.com ","lastModifiedBy":"","roles":["5f633a3fd9cf7d17fc496096","5f631049ddcde56188b080fd"],"_id":"5f6311da56603c6360689bf6","username":"Admin","email":"admin@techbulls.com","langKey":"en","resetDate":"2020-09-17T07:35:54.639Z","lastModifiedDate":"2020-09-17T07:35:54.639Z","createdDate":"2020-09-17T07:35:54.639Z","__v":0}"}
{"level":"info", "timestamp":"2020-09-18 11:27:41:2741", "message":"{"method":"POST","url":"/api/authenticate","IP":"::1","startTime":1600408661018,"endTime":1600408661184,"Total Time Required":"166ms","response":{"status":200}}"}
{"level":"info", "timestamp":"2020-09-18 11:27:59:2759", "message":"Server listening on port 4444"}
{"level":"info", "timestamp":"2020-09-18 11:27:59:2759", "message":" Default Admin User Info {"activated":true,"firstName":"Admin","lastName":null,"imageUrl":"","activationKey":"","resetKey":"","createdBy":"Admin@techbulls.com ","lastModifiedBy":"","roles":["5f633a3fd9cf7d17fc496096","5f631049ddcde56188b080fd"],"_id":"5f6311da56603c6360689bf6","username":"Admin","email":"admin@techbulls.com","langKey":"en","resetDate":"2020-09-17T07:35:54.639Z","lastModifiedDate":"2020-09-17T07:35:54.639Z","createdDate":"2020-09-17T07:35:54.639Z","__v":0}"}
